C:\Program Files (x86)\Microsoft Visual Studio\2019\Community\MSBuild\Microsoft\VC\v160\Microsoft.CppBuild.targets(513,5): warning MSB8028: El directorio intermedio (x64\Debug\) contiene archivos compartidos de otro proyecto (PuebloHalloween.vcxproj, Terreno.vcxproj, TerrenoSky.vcxproj, TerrenoSkyBill.vcxproj). Esto puede dar lugar a un comportamiento incorrecto de limpieza y recompilación.
  TerrenoSkyBill.cpp
C:\Program Files (x86)\Microsoft DirectX SDK (June 2010)\Include\dxgitype.h(12,1): warning C4005: 'DXGI_STATUS_OCCLUDED': redefinición de macro
C:\Program Files (x86)\Windows Kits\10\Include\10.0.19041.0\shared\winerror.h(56388): message : vea la definición anterior de 'DXGI_STATUS_OCCLUDED'
C:\Program Files (x86)\Microsoft DirectX SDK (June 2010)\Include\dxgitype.h(13,1): warning C4005: 'DXGI_STATUS_CLIPPED': redefinición de macro
C:\Program Files (x86)\Windows Kits\10\Include\10.0.19041.0\shared\winerror.h(56397): message : vea la definición anterior de 'DXGI_STATUS_CLIPPED'
C:\Program Files (x86)\Microsoft DirectX SDK (June 2010)\Include\dxgitype.h(14,1): warning C4005: 'DXGI_STATUS_NO_REDIRECTION': redefinición de macro
C:\Program Files (x86)\Windows Kits\10\Include\10.0.19041.0\shared\winerror.h(56406): message : vea la definición anterior de 'DXGI_STATUS_NO_REDIRECTION'
C:\Program Files (x86)\Microsoft DirectX SDK (June 2010)\Include\dxgitype.h(15,1): warning C4005: 'DXGI_STATUS_NO_DESKTOP_ACCESS': redefinición de macro
C:\Program Files (x86)\Windows Kits\10\Include\10.0.19041.0\shared\winerror.h(56415): message : vea la definición anterior de 'DXGI_STATUS_NO_DESKTOP_ACCESS'
C:\Program Files (x86)\Microsoft DirectX SDK (June 2010)\Include\dxgitype.h(16,1): warning C4005: 'DXGI_STATUS_GRAPHICS_VIDPN_SOURCE_IN_USE': redefinición de macro
C:\Program Files (x86)\Windows Kits\10\Include\10.0.19041.0\shared\winerror.h(56424): message : vea la definición anterior de 'DXGI_STATUS_GRAPHICS_VIDPN_SOURCE_IN_USE'
C:\Program Files (x86)\Microsoft DirectX SDK (June 2010)\Include\dxgitype.h(17,1): warning C4005: 'DXGI_STATUS_MODE_CHANGED': redefinición de macro
C:\Program Files (x86)\Windows Kits\10\Include\10.0.19041.0\shared\winerror.h(56433): message : vea la definición anterior de 'DXGI_STATUS_MODE_CHANGED'
C:\Program Files (x86)\Microsoft DirectX SDK (June 2010)\Include\dxgitype.h(18,1): warning C4005: 'DXGI_STATUS_MODE_CHANGE_IN_PROGRESS': redefinición de macro
C:\Program Files (x86)\Windows Kits\10\Include\10.0.19041.0\shared\winerror.h(56442): message : vea la definición anterior de 'DXGI_STATUS_MODE_CHANGE_IN_PROGRESS'
C:\Program Files (x86)\Microsoft DirectX SDK (June 2010)\Include\dxgitype.h(21,1): warning C4005: 'DXGI_ERROR_INVALID_CALL': redefinición de macro
C:\Program Files (x86)\Windows Kits\10\Include\10.0.19041.0\shared\winerror.h(56457): message : vea la definición anterior de 'DXGI_ERROR_INVALID_CALL'
C:\Program Files (x86)\Microsoft DirectX SDK (June 2010)\Include\dxgitype.h(22,1): warning C4005: 'DXGI_ERROR_NOT_FOUND': redefinición de macro
C:\Program Files (x86)\Windows Kits\10\Include\10.0.19041.0\shared\winerror.h(56466): message : vea la definición anterior de 'DXGI_ERROR_NOT_FOUND'
C:\Program Files (x86)\Microsoft DirectX SDK (June 2010)\Include\dxgitype.h(23,1): warning C4005: 'DXGI_ERROR_MORE_DATA': redefinición de macro
C:\Program Files (x86)\Windows Kits\10\Include\10.0.19041.0\shared\winerror.h(56475): message : vea la definición anterior de 'DXGI_ERROR_MORE_DATA'
C:\Program Files (x86)\Microsoft DirectX SDK (June 2010)\Include\dxgitype.h(24,1): warning C4005: 'DXGI_ERROR_UNSUPPORTED': redefinición de macro
C:\Program Files (x86)\Windows Kits\10\Include\10.0.19041.0\shared\winerror.h(56484): message : vea la definición anterior de 'DXGI_ERROR_UNSUPPORTED'
C:\Program Files (x86)\Microsoft DirectX SDK (June 2010)\Include\dxgitype.h(25,1): warning C4005: 'DXGI_ERROR_DEVICE_REMOVED': redefinición de macro
C:\Program Files (x86)\Windows Kits\10\Include\10.0.19041.0\shared\winerror.h(56493): message : vea la definición anterior de 'DXGI_ERROR_DEVICE_REMOVED'
C:\Program Files (x86)\Microsoft DirectX SDK (June 2010)\Include\dxgitype.h(26,1): warning C4005: 'DXGI_ERROR_DEVICE_HUNG': redefinición de macro
C:\Program Files (x86)\Windows Kits\10\Include\10.0.19041.0\shared\winerror.h(56502): message : vea la definición anterior de 'DXGI_ERROR_DEVICE_HUNG'
C:\Program Files (x86)\Microsoft DirectX SDK (June 2010)\Include\dxgitype.h(27,1): warning C4005: 'DXGI_ERROR_DEVICE_RESET': redefinición de macro
C:\Program Files (x86)\Windows Kits\10\Include\10.0.19041.0\shared\winerror.h(56512): message : vea la definición anterior de 'DXGI_ERROR_DEVICE_RESET'
C:\Program Files (x86)\Microsoft DirectX SDK (June 2010)\Include\dxgitype.h(28,1): warning C4005: 'DXGI_ERROR_WAS_STILL_DRAWING': redefinición de macro
C:\Program Files (x86)\Windows Kits\10\Include\10.0.19041.0\shared\winerror.h(56521): message : vea la definición anterior de 'DXGI_ERROR_WAS_STILL_DRAWING'
C:\Program Files (x86)\Microsoft DirectX SDK (June 2010)\Include\dxgitype.h(29,1): warning C4005: 'DXGI_ERROR_FRAME_STATISTICS_DISJOINT': redefinición de macro
C:\Program Files (x86)\Windows Kits\10\Include\10.0.19041.0\shared\winerror.h(56531): message : vea la definición anterior de 'DXGI_ERROR_FRAME_STATISTICS_DISJOINT'
C:\Program Files (x86)\Microsoft DirectX SDK (June 2010)\Include\dxgitype.h(30,1): warning C4005: 'DXGI_ERROR_GRAPHICS_VIDPN_SOURCE_IN_USE': redefinición de macro
C:\Program Files (x86)\Windows Kits\10\Include\10.0.19041.0\shared\winerror.h(56540): message : vea la definición anterior de 'DXGI_ERROR_GRAPHICS_VIDPN_SOURCE_IN_USE'
C:\Program Files (x86)\Microsoft DirectX SDK (June 2010)\Include\dxgitype.h(31,1): warning C4005: 'DXGI_ERROR_DRIVER_INTERNAL_ERROR': redefinición de macro
C:\Program Files (x86)\Windows Kits\10\Include\10.0.19041.0\shared\winerror.h(56550): message : vea la definición anterior de 'DXGI_ERROR_DRIVER_INTERNAL_ERROR'
C:\Program Files (x86)\Microsoft DirectX SDK (June 2010)\Include\dxgitype.h(32,1): warning C4005: 'DXGI_ERROR_NONEXCLUSIVE': redefinición de macro
C:\Program Files (x86)\Windows Kits\10\Include\10.0.19041.0\shared\winerror.h(56559): message : vea la definición anterior de 'DXGI_ERROR_NONEXCLUSIVE'
C:\Program Files (x86)\Microsoft DirectX SDK (June 2010)\Include\dxgitype.h(33,1): warning C4005: 'DXGI_ERROR_NOT_CURRENTLY_AVAILABLE': redefinición de macro
C:\Program Files (x86)\Windows Kits\10\Include\10.0.19041.0\shared\winerror.h(56568): message : vea la definición anterior de 'DXGI_ERROR_NOT_CURRENTLY_AVAILABLE'
C:\Program Files (x86)\Microsoft DirectX SDK (June 2010)\Include\dxgitype.h(34,1): warning C4005: 'DXGI_ERROR_REMOTE_CLIENT_DISCONNECTED': redefinición de macro
C:\Program Files (x86)\Windows Kits\10\Include\10.0.19041.0\shared\winerror.h(56578): message : vea la definición anterior de 'DXGI_ERROR_REMOTE_CLIENT_DISCONNECTED'
C:\Program Files (x86)\Microsoft DirectX SDK (June 2010)\Include\dxgitype.h(35,1): warning C4005: 'DXGI_ERROR_REMOTE_OUTOFMEMORY': redefinición de macro
C:\Program Files (x86)\Windows Kits\10\Include\10.0.19041.0\shared\winerror.h(56587): message : vea la definición anterior de 'DXGI_ERROR_REMOTE_OUTOFMEMORY'
C:\Program Files (x86)\Microsoft DirectX SDK (June 2010)\Include\d3d11.h(917,1): warning C4005: 'D3D11_ERROR_TOO_MANY_UNIQUE_STATE_OBJECTS': redefinición de macro
C:\Program Files (x86)\Windows Kits\10\Include\10.0.19041.0\shared\winerror.h(56865): message : vea la definición anterior de 'D3D11_ERROR_TOO_MANY_UNIQUE_STATE_OBJECTS'
C:\Program Files (x86)\Microsoft DirectX SDK (June 2010)\Include\d3d11.h(918,1): warning C4005: 'D3D11_ERROR_FILE_NOT_FOUND': redefinición de macro
C:\Program Files (x86)\Windows Kits\10\Include\10.0.19041.0\shared\winerror.h(56874): message : vea la definición anterior de 'D3D11_ERROR_FILE_NOT_FOUND'
C:\Program Files (x86)\Microsoft DirectX SDK (June 2010)\Include\d3d11.h(919,1): warning C4005: 'D3D11_ERROR_TOO_MANY_UNIQUE_VIEW_OBJECTS': redefinición de macro
C:\Program Files (x86)\Windows Kits\10\Include\10.0.19041.0\shared\winerror.h(56884): message : vea la definición anterior de 'D3D11_ERROR_TOO_MANY_UNIQUE_VIEW_OBJECTS'
C:\Program Files (x86)\Microsoft DirectX SDK (June 2010)\Include\d3d11.h(920,1): warning C4005: 'D3D11_ERROR_DEFERRED_CONTEXT_MAP_WITHOUT_INITIAL_DISCARD': redefinición de macro
C:\Program Files (x86)\Windows Kits\10\Include\10.0.19041.0\shared\winerror.h(56893): message : vea la definición anterior de 'D3D11_ERROR_DEFERRED_CONTEXT_MAP_WITHOUT_INITIAL_DISCARD'
C:\Program Files (x86)\Microsoft DirectX SDK (June 2010)\Include\d3d10.h(608,1): warning C4005: 'D3D10_ERROR_TOO_MANY_UNIQUE_STATE_OBJECTS': redefinición de macro
C:\Program Files (x86)\Windows Kits\10\Include\10.0.19041.0\shared\winerror.h(56841): message : vea la definición anterior de 'D3D10_ERROR_TOO_MANY_UNIQUE_STATE_OBJECTS'
C:\Program Files (x86)\Microsoft DirectX SDK (June 2010)\Include\d3d10.h(609,1): warning C4005: 'D3D10_ERROR_FILE_NOT_FOUND': redefinición de macro
C:\Program Files (x86)\Windows Kits\10\Include\10.0.19041.0\shared\winerror.h(56850): message : vea la definición anterior de 'D3D10_ERROR_FILE_NOT_FOUND'
C:\Program Files (x86)\Microsoft DirectX SDK (June 2010)\Include\xnamath.h(2662,52): warning C4838: la conversión de 'unsigned int' en 'INT' requiere una conversión de restricción
C:\Program Files (x86)\Microsoft DirectX SDK (June 2010)\Include\xnamath.h(2662,64): warning C4838: la conversión de 'unsigned int' en 'INT' requiere una conversión de restricción
C:\Program Files (x86)\Microsoft DirectX SDK (June 2010)\Include\xnamath.h(2662,76): warning C4838: la conversión de 'unsigned int' en 'INT' requiere una conversión de restricción
C:\Program Files (x86)\Microsoft DirectX SDK (June 2010)\Include\xnamath.h(2662,88): warning C4838: la conversión de 'unsigned int' en 'INT' requiere una conversión de restricción
C:\Program Files (x86)\Microsoft DirectX SDK (June 2010)\Include\xnamath.h(2663,52): warning C4838: la conversión de 'unsigned int' en 'INT' requiere una conversión de restricción
C:\Program Files (x86)\Microsoft DirectX SDK (June 2010)\Include\xnamath.h(2663,64): warning C4838: la conversión de 'unsigned int' en 'INT' requiere una conversión de restricción
C:\Program Files (x86)\Microsoft DirectX SDK (June 2010)\Include\xnamath.h(2663,76): warning C4838: la conversión de 'unsigned int' en 'INT' requiere una conversión de restricción
C:\Program Files (x86)\Microsoft DirectX SDK (June 2010)\Include\xnamath.h(2664,52): warning C4838: la conversión de 'unsigned int' en 'INT' requiere una conversión de restricción
C:\Program Files (x86)\Microsoft DirectX SDK (June 2010)\Include\xnamath.h(2664,64): warning C4838: la conversión de 'unsigned int' en 'INT' requiere una conversión de restricción
C:\Program Files (x86)\Microsoft DirectX SDK (June 2010)\Include\xnamath.h(2664,76): warning C4838: la conversión de 'unsigned int' en 'INT' requiere una conversión de restricción
C:\Program Files (x86)\Microsoft DirectX SDK (June 2010)\Include\xnamath.h(2665,52): warning C4838: la conversión de 'unsigned int' en 'INT' requiere una conversión de restricción
C:\Program Files (x86)\Microsoft DirectX SDK (June 2010)\Include\xnamath.h(2666,64): warning C4838: la conversión de 'unsigned int' en 'INT' requiere una conversión de restricción
C:\Program Files (x86)\Microsoft DirectX SDK (June 2010)\Include\xnamath.h(2667,76): warning C4838: la conversión de 'unsigned int' en 'INT' requiere una conversión de restricción
C:\Program Files (x86)\Microsoft DirectX SDK (June 2010)\Include\xnamath.h(2668,88): warning C4838: la conversión de 'unsigned int' en 'INT' requiere una conversión de restricción
C:\Program Files (x86)\Microsoft DirectX SDK (June 2010)\Include\xnamath.h(2689,46): warning C4838: la conversión de 'unsigned int' en 'INT' requiere una conversión de restricción
C:\Program Files (x86)\Microsoft DirectX SDK (June 2010)\Include\xnamath.h(2689,58): warning C4838: la conversión de 'unsigned int' en 'INT' requiere una conversión de restricción
C:\Program Files (x86)\Microsoft DirectX SDK (June 2010)\Include\xnamath.h(2689,70): warning C4838: la conversión de 'unsigned int' en 'INT' requiere una conversión de restricción
C:\Program Files (x86)\Microsoft DirectX SDK (June 2010)\Include\xnamath.h(2689,82): warning C4838: la conversión de 'unsigned int' en 'INT' requiere una conversión de restricción
C:\Program Files (x86)\Microsoft DirectX SDK (June 2010)\Include\xnamath.h(2690,88): warning C4838: la conversión de 'unsigned int' en 'INT' requiere una conversión de restricción
C:\Program Files (x86)\Microsoft DirectX SDK (June 2010)\Include\xnamath.h(2691,88): warning C4838: la conversión de 'unsigned int' en 'INT' requiere una conversión de restricción
C:\Program Files (x86)\Microsoft DirectX SDK (June 2010)\Include\xnamath.h(2694,88): warning C4838: la conversión de 'unsigned int' en 'INT' requiere una conversión de restricción
C:\Program Files (x86)\Microsoft DirectX SDK (June 2010)\Include\xnamath.h(2695,88): warning C4838: la conversión de 'unsigned int' en 'INT' requiere una conversión de restricción
C:\Program Files (x86)\Microsoft DirectX SDK (June 2010)\Include\xnamath.h(2698,64): warning C4838: la conversión de 'unsigned int' en 'INT' requiere una conversión de restricción
C:\Program Files (x86)\Microsoft DirectX SDK (June 2010)\Include\xnamath.h(2702,76): warning C4838: la conversión de 'unsigned int' en 'INT' requiere una conversión de restricción
C:\Program Files (x86)\Microsoft DirectX SDK (June 2010)\Include\xnamath.h(2702,88): warning C4838: la conversión de 'unsigned int' en 'INT' requiere una conversión de restricción
C:\Program Files (x86)\Microsoft DirectX SDK (June 2010)\Include\xnamath.h(2712,65): warning C4838: la conversión de 'unsigned int' en 'INT' requiere una conversión de restricción
C:\Program Files (x86)\Microsoft DirectX SDK (June 2010)\Include\xnamath.h(2712,91): warning C4838: la conversión de 'unsigned int' en 'INT' requiere una conversión de restricción
C:\Program Files (x86)\Microsoft DirectX SDK (June 2010)\Include\xnamath.h(2713,52): warning C4838: la conversión de 'unsigned int' en 'INT' requiere una conversión de restricción
C:\Program Files (x86)\Microsoft DirectX SDK (June 2010)\Include\xnamath.h(2713,78): warning C4838: la conversión de 'unsigned int' en 'INT' requiere una conversión de restricción
C:\Program Files (x86)\Microsoft DirectX SDK (June 2010)\Include\xnamath.h(2715,52): warning C4838: la conversión de 'unsigned int' en 'INT' requiere una conversión de restricción
C:\Program Files (x86)\Microsoft DirectX SDK (June 2010)\Include\xnamath.h(2716,52): warning C4838: la conversión de 'unsigned int' en 'INT' requiere una conversión de restricción
C:\Program Files (x86)\Microsoft DirectX SDK (June 2010)\Include\xnamath.h(2716,65): warning C4838: la conversión de 'unsigned int' en 'INT' requiere una conversión de restricción
C:\Program Files (x86)\Microsoft DirectX SDK (June 2010)\Include\xnamath.h(2717,52): warning C4838: la conversión de 'unsigned int' en 'INT' requiere una conversión de restricción
C:\Program Files (x86)\Microsoft DirectX SDK (June 2010)\Include\xnamath.h(2717,65): warning C4838: la conversión de 'unsigned int' en 'INT' requiere una conversión de restricción
C:\Program Files (x86)\Microsoft DirectX SDK (June 2010)\Include\xnamath.h(2717,78): warning C4838: la conversión de 'unsigned int' en 'INT' requiere una conversión de restricción
C:\Program Files (x86)\Microsoft DirectX SDK (June 2010)\Include\xnamath.h(2727,54): warning C4838: la conversión de 'unsigned int' en 'INT' requiere una conversión de restricción
C:\Program Files (x86)\Microsoft DirectX SDK (June 2010)\Include\xnamath.h(2728,56): warning C4838: la conversión de 'unsigned int' en 'INT' requiere una conversión de restricción
C:\Program Files (x86)\Microsoft DirectX SDK (June 2010)\Include\xnamath.h(2729,58): warning C4838: la conversión de 'unsigned int' en 'INT' requiere una conversión de restricción
C:\Program Files (x86)\Microsoft DirectX SDK (June 2010)\Include\xnamath.h(2730,54): warning C4838: la conversión de 'unsigned int' en 'INT' requiere una conversión de restricción
C:\Program Files (x86)\Microsoft DirectX SDK (June 2010)\Include\xnamath.h(2730,65): warning C4838: la conversión de 'unsigned int' en 'INT' requiere una conversión de restricción
C:\Program Files (x86)\Microsoft DirectX SDK (June 2010)\Include\xnamath.h(2731,56): warning C4838: la conversión de 'unsigned int' en 'INT' requiere una conversión de restricción
C:\Program Files (x86)\Microsoft DirectX SDK (June 2010)\Include\xnamath.h(2731,67): warning C4838: la conversión de 'unsigned int' en 'INT' requiere una conversión de restricción
C:\Program Files (x86)\Microsoft DirectX SDK (June 2010)\Include\xnamath.h(2732,54): warning C4838: la conversión de 'unsigned int' en 'INT' requiere una conversión de restricción
C:\Program Files (x86)\Microsoft DirectX SDK (June 2010)\Include\xnamath.h(2732,67): warning C4838: la conversión de 'unsigned int' en 'INT' requiere una conversión de restricción
C:\Program Files (x86)\Microsoft DirectX SDK (June 2010)\Include\xnamath.h(2742,60): warning C4838: la conversión de 'unsigned int' en 'INT' requiere una conversión de restricción
C:\Program Files (x86)\Microsoft DirectX SDK (June 2010)\Include\xnamath.h(2742,79): warning C4838: la conversión de 'unsigned int' en 'INT' requiere una conversión de restricción
C:\Program Files (x86)\Microsoft DirectX SDK (June 2010)\Include\xnamath.h(2743,70): warning C4838: la conversión de 'unsigned int' en 'INT' requiere una conversión de restricción
C:\Program Files (x86)\Microsoft DirectX SDK (June 2010)\Include\xnamath.h(2754,73): warning C4838: la conversión de 'unsigned int' en 'INT' requiere una conversión de restricción
C:\Program Files (x86)\Microsoft DirectX SDK (June 2010)\Include\xnamathconvert.inl(2254,71): warning C4838: la conversión de 'unsigned int' en 'INT' requiere una conversión de restricción
C:\Program Files (x86)\Microsoft DirectX SDK (June 2010)\Include\xnamathconvert.inl(4523,69): warning C4838: la conversión de 'unsigned int' en 'INT' requiere una conversión de restricción
C:\Program Files (x86)\Microsoft DirectX SDK (June 2010)\Include\xnamathconvert.inl(4577,68): warning C4838: la conversión de 'unsigned int' en 'INT' requiere una conversión de restricción
C:\Program Files (x86)\Microsoft DirectX SDK (June 2010)\Include\xnamathconvert.inl(4639,65): warning C4838: la conversión de 'unsigned int' en 'INT' requiere una conversión de restricción
C:\Program Files (x86)\Microsoft DirectX SDK (June 2010)\Include\xnamathconvert.inl(4707,64): warning C4838: la conversión de 'unsigned int' en 'INT' requiere una conversión de restricción
C:\Program Files (x86)\Microsoft DirectX SDK (June 2010)\Include\xnamathconvert.inl(4770,64): warning C4838: la conversión de 'unsigned int' en 'INT' requiere una conversión de restricción
C:\Program Files (x86)\Microsoft DirectX SDK (June 2010)\Include\xnamathconvert.inl(4832,63): warning C4838: la conversión de 'unsigned int' en 'INT' requiere una conversión de restricción
C:\Program Files (x86)\Microsoft DirectX SDK (June 2010)\Include\xnamathvector.inl(1269,45): warning C4838: la conversión de 'unsigned int' en 'INT' requiere una conversión de restricción
C:\Program Files (x86)\Microsoft DirectX SDK (June 2010)\Include\xnamathvector.inl(1269,56): warning C4838: la conversión de 'unsigned int' en 'INT' requiere una conversión de restricción
C:\Program Files (x86)\Microsoft DirectX SDK (June 2010)\Include\xnamathvector.inl(1269,67): warning C4838: la conversión de 'unsigned int' en 'INT' requiere una conversión de restricción
C:\Program Files (x86)\Microsoft DirectX SDK (June 2010)\Include\xnamathvector.inl(1269,78): warning C4838: la conversión de 'unsigned int' en 'INT' requiere una conversión de restricción
C:\Program Files (x86)\Microsoft DirectX SDK (June 2010)\Include\xnamathmisc.inl(518,43): warning C4838: la conversión de 'unsigned int' en 'INT' requiere una conversión de restricción
C:\Program Files (x86)\Microsoft DirectX SDK (June 2010)\Include\xnamathmisc.inl(519,40): warning C4838: la conversión de 'unsigned int' en 'INT' requiere una conversión de restricción
C:\Program Files (x86)\Microsoft DirectX SDK (June 2010)\Include\xnamathmisc.inl(519,51): warning C4838: la conversión de 'unsigned int' en 'INT' requiere una conversión de restricción
C:\Users\Montse\Documents\GitHub\GC II PF\Graficas-C-II\v1dx11rr\TerrenoRR.h(235,86): warning C4244: '=': conversión de 'double' a 'float'; posible pérdida de datos
C:\Users\Montse\Documents\GitHub\GC II PF\Graficas-C-II\v1dx11rr\TerrenoRR.h(366,64): warning C4244: 'argumento': conversión de 'int' a 'FLOAT'; posible pérdida de datos
C:\Users\Montse\Documents\GitHub\GC II PF\Graficas-C-II\v1dx11rr\TerrenoRR.h(366,1): warning C4305: 'argumento': truncamiento de 'double' a 'FLOAT'
C:\Users\Montse\Documents\GitHub\GC II PF\Graficas-C-II\v1dx11rr\TerrenoRR.h(440,1): warning C4305: '+=': truncamiento de 'double' a 'float'
C:\Users\Montse\Documents\GitHub\GC II PF\Graficas-C-II\v1dx11rr\TerrenoRR.h(483,1): warning C4305: 'argumento': truncamiento de 'double' a 'FLOAT'
C:\Users\Montse\Documents\GitHub\GC II PF\Graficas-C-II\v1dx11rr\TerrenoRR.h(567,21): warning C4018: '<': no coinciden signed/unsigned
C:\Users\Montse\Documents\GitHub\GC II PF\Graficas-C-II\v1dx11rr\TerrenoRR.h(569,19): warning C4018: '<': no coinciden signed/unsigned
C:\Users\Montse\Documents\GitHub\GC II PF\Graficas-C-II\v1dx11rr\Agua.h(233,85): warning C4244: '=': conversión de 'double' a 'float'; posible pérdida de datos
C:\Users\Montse\Documents\GitHub\GC II PF\Graficas-C-II\v1dx11rr\Agua.h(370,64): warning C4244: 'argumento': conversión de 'int' a 'FLOAT'; posible pérdida de datos
C:\Users\Montse\Documents\GitHub\GC II PF\Graficas-C-II\v1dx11rr\Agua.h(370,1): warning C4305: 'argumento': truncamiento de 'double' a 'FLOAT'
C:\Users\Montse\Documents\GitHub\GC II PF\Graficas-C-II\v1dx11rr\Agua.h(468,1): warning C4305: '+=': truncamiento de 'double' a 'float'
C:\Users\Montse\Documents\GitHub\GC II PF\Graficas-C-II\v1dx11rr\Agua.h(504,1): warning C4305: 'argumento': truncamiento de 'double' a 'FLOAT'
C:\Users\Montse\Documents\GitHub\GC II PF\Graficas-C-II\v1dx11rr\Agua.h(588,22): warning C4018: '<': no coinciden signed/unsigned
C:\Users\Montse\Documents\GitHub\GC II PF\Graficas-C-II\v1dx11rr\Agua.h(590,23): warning C4018: '<': no coinciden signed/unsigned
C:\Users\Montse\Documents\GitHub\GC II PF\Graficas-C-II\v1dx11rr\Camara.h(48,63): warning C4244: 'argumento': conversión de 'int' a 'FLOAT'; posible pérdida de datos
C:\Users\Montse\Documents\GitHub\GC II PF\Graficas-C-II\v1dx11rr\Camara.h(48,1): warning C4305: 'argumento': truncamiento de 'double' a 'FLOAT'
C:\Users\Montse\Documents\GitHub\GC II PF\Graficas-C-II\v1dx11rr\Billboard.h(455,14): warning C4244: 'inicializando': conversión de 'double' a 'float'; posible pérdida de datos
C:\Users\Montse\Documents\GitHub\GC II PF\Graficas-C-II\v1dx11rr\Billboard.h(456,15): warning C4244: 'inicializando': conversión de 'double' a 'float'; posible pérdida de datos
C:\Users\Montse\Documents\GitHub\GC II PF\Graficas-C-II\v1dx11rr\ModeloRR.h(360,65): warning C4244: 'argumento': conversión de 'int' a 'FLOAT'; posible pérdida de datos
C:\Users\Montse\Documents\GitHub\GC II PF\Graficas-C-II\v1dx11rr\ModeloRR.h(360,1): warning C4305: 'argumento': truncamiento de 'double' a 'FLOAT'
C:\Users\Montse\Documents\GitHub\GC II PF\Graficas-C-II\v1dx11rr\ModeloRR.h(430,1): warning C4305: '+=': truncamiento de 'double' a 'float'
C:\Users\Montse\Documents\GitHub\GC II PF\Graficas-C-II\v1dx11rr\SkyDome.h(354,1): warning C4305: '+=': truncamiento de 'double' a 'float'
C:\Users\Montse\Documents\GitHub\GC II PF\Graficas-C-II\v1dx11rr\SkyDome.h(356,1): warning C4305: '+=': truncamiento de 'double' a 'float'
C:\Users\Montse\Documents\GitHub\GC II PF\Graficas-C-II\v1dx11rr\GUI.h(173,29): warning C4244: '=': conversión de 'float' a 'UINT'; posible pérdida de datos
C:\Users\Montse\Documents\GitHub\GC II PF\Graficas-C-II\v1dx11rr\GUI.h(174,31): warning C4244: '=': conversión de 'float' a 'UINT'; posible pérdida de datos
C:\Users\Montse\Documents\GitHub\GC II PF\Graficas-C-II\v1dx11rr\GUI.h(200,21): warning C4018: '<': no coinciden signed/unsigned
C:\Users\Montse\Documents\GitHub\GC II PF\Graficas-C-II\v1dx11rr\GUI.h(164,33): warning C4101: 'renderTargetViewDesc': variable local sin referencia
C:\Users\Montse\Documents\GitHub\GC II PF\Graficas-C-II\v1dx11rr\GUI.h(165,35): warning C4101: 'shaderResourceViewDesc': variable local sin referencia
C:\Users\Montse\Documents\GitHub\GC II PF\Graficas-C-II\v1dx11rr\GUI.h(301,1): warning C4305: 'argumento': truncamiento de 'double' a 'FLOAT'
C:\Users\Montse\Documents\GitHub\GC II PF\Graficas-C-II\v1dx11rr\Text.h(194,29): warning C4244: '=': conversión de 'float' a 'UINT'; posible pérdida de datos
C:\Users\Montse\Documents\GitHub\GC II PF\Graficas-C-II\v1dx11rr\Text.h(195,31): warning C4244: '=': conversión de 'float' a 'UINT'; posible pérdida de datos
C:\Users\Montse\Documents\GitHub\GC II PF\Graficas-C-II\v1dx11rr\Text.h(185,33): warning C4101: 'renderTargetViewDesc': variable local sin referencia
C:\Users\Montse\Documents\GitHub\GC II PF\Graficas-C-II\v1dx11rr\Text.h(186,35): warning C4101: 'shaderResourceViewDesc': variable local sin referencia
C:\Users\Montse\Documents\GitHub\GC II PF\Graficas-C-II\v1dx11rr\Text.h(323,1): warning C4305: 'argumento': truncamiento de 'double' a 'FLOAT'
C:\Users\Montse\Documents\GitHub\GC II PF\Graficas-C-II\v1dx11rr\Text.h(346,1): warning C4305: 'inicializando': truncamiento de 'double' a 'float'
C:\Users\Montse\Documents\GitHub\GC II PF\Graficas-C-II\v1dx11rr\DXRR.h(180,1): warning C4305: 'argumento': truncamiento de 'double' a 'FLOAT'
C:\Users\Montse\Documents\GitHub\GC II PF\Graficas-C-II\v1dx11rr\DXRR.h(226,1): warning C4305: 'argumento': truncamiento de 'double' a 'float'
C:\Users\Montse\Documents\GitHub\GC II PF\Graficas-C-II\v1dx11rr\DXRR.h(227,1): warning C4305: 'argumento': truncamiento de 'double' a 'float'
C:\Users\Montse\Documents\GitHub\GC II PF\Graficas-C-II\v1dx11rr\DXRR.h(228,1): warning C4305: 'argumento': truncamiento de 'double' a 'float'
C:\Users\Montse\Documents\GitHub\GC II PF\Graficas-C-II\v1dx11rr\DXRR.h(229,1): warning C4305: 'argumento': truncamiento de 'double' a 'float'
C:\Users\Montse\Documents\GitHub\GC II PF\Graficas-C-II\v1dx11rr\DXRR.h(230,1): warning C4305: 'argumento': truncamiento de 'double' a 'float'
C:\Users\Montse\Documents\GitHub\GC II PF\Graficas-C-II\v1dx11rr\DXRR.h(234,1): warning C4305: 'argumento': truncamiento de 'double' a 'float'
C:\Users\Montse\Documents\GitHub\GC II PF\Graficas-C-II\v1dx11rr\DXRR.h(235,1): warning C4305: 'argumento': truncamiento de 'double' a 'float'
C:\Users\Montse\Documents\GitHub\GC II PF\Graficas-C-II\v1dx11rr\DXRR.h(236,1): warning C4305: 'argumento': truncamiento de 'double' a 'float'
C:\Users\Montse\Documents\GitHub\GC II PF\Graficas-C-II\v1dx11rr\DXRR.h(237,1): warning C4305: 'argumento': truncamiento de 'double' a 'float'
C:\Users\Montse\Documents\GitHub\GC II PF\Graficas-C-II\v1dx11rr\DXRR.h(238,1): warning C4305: 'argumento': truncamiento de 'double' a 'float'
C:\Users\Montse\Documents\GitHub\GC II PF\Graficas-C-II\v1dx11rr\DXRR.h(239,1): warning C4305: 'argumento': truncamiento de 'double' a 'float'
C:\Users\Montse\Documents\GitHub\GC II PF\Graficas-C-II\v1dx11rr\DXRR.h(244,1): warning C4305: 'argumento': truncamiento de 'double' a 'float'
C:\Users\Montse\Documents\GitHub\GC II PF\Graficas-C-II\v1dx11rr\DXRR.h(245,1): warning C4305: 'argumento': truncamiento de 'double' a 'float'
C:\Users\Montse\Documents\GitHub\GC II PF\Graficas-C-II\v1dx11rr\DXRR.h(247,1): warning C4305: 'argumento': truncamiento de 'double' a 'float'
C:\Users\Montse\Documents\GitHub\GC II PF\Graficas-C-II\v1dx11rr\DXRR.h(248,1): warning C4305: 'argumento': truncamiento de 'double' a 'float'
C:\Users\Montse\Documents\GitHub\GC II PF\Graficas-C-II\v1dx11rr\DXRR.h(249,1): warning C4305: 'argumento': truncamiento de 'double' a 'float'
C:\Users\Montse\Documents\GitHub\GC II PF\Graficas-C-II\v1dx11rr\DXRR.h(397,13): warning C4244: 'argumento': conversión de 'time_t' a 'unsigned int'; posible pérdida de datos
C:\Users\Montse\Documents\GitHub\GC II PF\Graficas-C-II\v1dx11rr\DXRR.h(554,14): warning C4244: 'argumento': conversión de 'time_t' a 'unsigned int'; posible pérdida de datos
C:\Users\Montse\Documents\GitHub\GC II PF\Graficas-C-II\v1dx11rr\DXRR.h(580,1): warning C4305: '+=': truncamiento de 'double' a 'float'
C:\Users\Montse\Documents\GitHub\GC II PF\Graficas-C-II\v1dx11rr\DXRR.h(597,44): warning C4244: '=': conversión de 'double' a 'float'; posible pérdida de datos
C:\Users\Montse\Documents\GitHub\GC II PF\Graficas-C-II\v1dx11rr\DXRR.h(603,49): warning C4244: '=': conversión de 'double' a 'float'; posible pérdida de datos
C:\Users\Montse\Documents\GitHub\GC II PF\Graficas-C-II\v1dx11rr\DXRR.h(611,75): warning C4244: 'argumento': conversión de 'double' a 'float'; posible pérdida de datos
C:\Users\Montse\Documents\GitHub\GC II PF\Graficas-C-II\v1dx11rr\DXRR.h(655,1): warning C4305: 'argumento': truncamiento de 'double' a 'float'
C:\Users\Montse\Documents\GitHub\GC II PF\Graficas-C-II\v1dx11rr\DXRR.h(674,1): warning C4305: 'argumento': truncamiento de 'double' a 'float'
C:\Users\Montse\Documents\GitHub\GC II PF\Graficas-C-II\v1dx11rr\DXRR.h(679,1): warning C4305: 'argumento': truncamiento de 'double' a 'float'
C:\Users\Montse\Documents\GitHub\GC II PF\Graficas-C-II\v1dx11rr\DXRR.h(684,1): warning C4305: 'argumento': truncamiento de 'double' a 'float'
C:\Users\Montse\Documents\GitHub\GC II PF\Graficas-C-II\v1dx11rr\DXRR.h(689,1): warning C4305: 'argumento': truncamiento de 'double' a 'float'
C:\Users\Montse\Documents\GitHub\GC II PF\Graficas-C-II\v1dx11rr\DXRR.h(694,1): warning C4305: 'argumento': truncamiento de 'double' a 'float'
C:\Users\Montse\Documents\GitHub\GC II PF\Graficas-C-II\v1dx11rr\DXRR.h(702,1): warning C4305: 'argumento': truncamiento de 'double' a 'float'
C:\Users\Montse\Documents\GitHub\GC II PF\Graficas-C-II\v1dx11rr\DXRR.h(703,1): warning C4305: 'argumento': truncamiento de 'double' a 'float'
C:\Users\Montse\Documents\GitHub\GC II PF\Graficas-C-II\v1dx11rr\DXRR.h(725,30): warning C4244: 'argumento': conversión de 'float' a 'int'; posible pérdida de datos
C:\Users\Montse\Documents\GitHub\GC II PF\Graficas-C-II\v1dx11rr\DXRR.h(726,1): warning C4305: 'argumento': truncamiento de 'double' a 'float'
C:\Users\Montse\Documents\GitHub\GC II PF\Graficas-C-II\v1dx11rr\DXRR.h(727,1): warning C4305: '-=': truncamiento de 'double' a 'float'
C:\Users\Montse\Documents\GitHub\GC II PF\Graficas-C-II\v1dx11rr\DXRR.h(744,1): warning C4305: 'argumento': truncamiento de 'double' a 'float'
C:\Users\Montse\Documents\GitHub\GC II PF\Graficas-C-II\v1dx11rr\DXRR.h(746,1): warning C4305: 'argumento': truncamiento de 'double' a 'float'
C:\Users\Montse\Documents\GitHub\GC II PF\Graficas-C-II\v1dx11rr\DXRR.h(777,1): warning C4305: 'argumento': truncamiento de 'double' a 'float'
C:\Users\Montse\Documents\GitHub\GC II PF\Graficas-C-II\v1dx11rr\DXRR.h(779,1): warning C4305: 'argumento': truncamiento de 'double' a 'float'
C:\Users\Montse\Documents\GitHub\GC II PF\Graficas-C-II\v1dx11rr\DXRR.h(782,1): warning C4305: 'argumento': truncamiento de 'double' a 'float'
C:\Users\Montse\Documents\GitHub\GC II PF\Graficas-C-II\v1dx11rr\DXRR.h(784,1): warning C4305: 'argumento': truncamiento de 'double' a 'float'
C:\Users\Montse\Documents\GitHub\GC II PF\Graficas-C-II\v1dx11rr\DXRR.h(787,1): warning C4305: 'argumento': truncamiento de 'double' a 'float'
C:\Users\Montse\Documents\GitHub\GC II PF\Graficas-C-II\v1dx11rr\DXRR.h(794,1): warning C4305: 'argumento': truncamiento de 'double' a 'float'
C:\Users\Montse\Documents\GitHub\GC II PF\Graficas-C-II\v1dx11rr\DXRR.h(824,1): warning C4305: 'argumento': truncamiento de 'double' a 'float'
C:\Users\Montse\Documents\GitHub\GC II PF\Graficas-C-II\v1dx11rr\DXRR.h(826,1): warning C4305: 'argumento': truncamiento de 'double' a 'float'
C:\Users\Montse\Documents\GitHub\GC II PF\Graficas-C-II\v1dx11rr\DXRR.h(926,77): warning C4244: 'argumento': conversión de 'float' a 'int'; posible pérdida de datos
C:\Users\Montse\Documents\GitHub\GC II PF\Graficas-C-II\v1dx11rr\DXRR.h(926,1): warning C4305: 'argumento': truncamiento de 'double' a 'float'
C:\Users\Montse\Documents\GitHub\GC II PF\Graficas-C-II\v1dx11rr\DXRR.h(927,1): warning C4305: '-=': truncamiento de 'double' a 'float'
C:\Users\Montse\Documents\GitHub\GC II PF\Graficas-C-II\v1dx11rr\DXRR.h(937,25): warning C4244: 'argumento': conversión de 'float' a 'int'; posible pérdida de datos
C:\Users\Montse\Documents\GitHub\GC II PF\Graficas-C-II\v1dx11rr\DXRR.h(938,1): warning C4305: 'argumento': truncamiento de 'double' a 'float'
C:\Users\Montse\Documents\GitHub\GC II PF\Graficas-C-II\v1dx11rr\DXRR.h(940,1): warning C4305: '-=': truncamiento de 'double' a 'float'
C:\Users\Montse\Documents\GitHub\GC II PF\Graficas-C-II\v1dx11rr\DXRR.h(945,1): warning C4305: 'argumento': truncamiento de 'double' a 'float'
C:\Users\Montse\Documents\GitHub\GC II PF\Graficas-C-II\v1dx11rr\DXRR.h(975,1): warning C4305: 'argumento': truncamiento de 'double' a 'float'
C:\Users\Montse\Documents\GitHub\GC II PF\Graficas-C-II\v1dx11rr\DXRR.h(1121,24): warning C4244: '=': conversión de 'double' a 'float'; posible pérdida de datos
C:\Users\Montse\Documents\GitHub\GC II PF\Graficas-C-II\v1dx11rr\DXRR.h(1122,24): warning C4244: '=': conversión de 'double' a 'float'; posible pérdida de datos
C:\Users\Montse\Documents\GitHub\GC II PF\Graficas-C-II\v1dx11rr\DXRR.h(1123,24): warning C4244: '=': conversión de 'double' a 'float'; posible pérdida de datos
C:\Users\Montse\Documents\GitHub\GC II PF\Graficas-C-II\v1dx11rr\DXRR.h(1124,24): warning C4244: '=': conversión de 'double' a 'float'; posible pérdida de datos
C:\Users\Montse\Documents\GitHub\GC II PF\Graficas-C-II\v1dx11rr\DXRR.h(1132,28): warning C4244: '=': conversión de 'double' a 'float'; posible pérdida de datos
C:\Users\Montse\Documents\GitHub\GC II PF\Graficas-C-II\v1dx11rr\DXRR.h(1133,28): warning C4244: '=': conversión de 'double' a 'float'; posible pérdida de datos
C:\Users\Montse\Documents\GitHub\GC II PF\Graficas-C-II\v1dx11rr\DXRR.h(1134,28): warning C4244: '=': conversión de 'double' a 'float'; posible pérdida de datos
C:\Users\Montse\Documents\GitHub\GC II PF\Graficas-C-II\v1dx11rr\DXRR.h(1135,28): warning C4244: '=': conversión de 'double' a 'float'; posible pérdida de datos
C:\Users\Montse\Documents\GitHub\GC II PF\Graficas-C-II\v1dx11rr\DXRR.h(1144,29): warning C4244: '=': conversión de 'double' a 'float'; posible pérdida de datos
C:\Users\Montse\Documents\GitHub\GC II PF\Graficas-C-II\v1dx11rr\DXRR.h(1145,29): warning C4244: '=': conversión de 'double' a 'float'; posible pérdida de datos
C:\Users\Montse\Documents\GitHub\GC II PF\Graficas-C-II\v1dx11rr\DXRR.h(1146,29): warning C4244: '=': conversión de 'double' a 'float'; posible pérdida de datos
C:\Users\Montse\Documents\GitHub\GC II PF\Graficas-C-II\v1dx11rr\DXRR.h(1147,29): warning C4244: '=': conversión de 'double' a 'float'; posible pérdida de datos
C:\Users\Montse\Documents\GitHub\GC II PF\Graficas-C-II\v1dx11rr\DXRR.h(1156,29): warning C4244: '=': conversión de 'double' a 'float'; posible pérdida de datos
C:\Users\Montse\Documents\GitHub\GC II PF\Graficas-C-II\v1dx11rr\DXRR.h(1157,29): warning C4244: '=': conversión de 'double' a 'float'; posible pérdida de datos
C:\Users\Montse\Documents\GitHub\GC II PF\Graficas-C-II\v1dx11rr\DXRR.h(1158,29): warning C4244: '=': conversión de 'double' a 'float'; posible pérdida de datos
C:\Users\Montse\Documents\GitHub\GC II PF\Graficas-C-II\v1dx11rr\DXRR.h(1159,29): warning C4244: '=': conversión de 'double' a 'float'; posible pérdida de datos
  C:\Program Files (x86)\Microsoft DirectX SDK (June 2010)\Include\dinput.h: DIRECTINPUT_VERSION undefined. Defaulting to version 0x0800
C:\Users\Montse\Documents\GitHub\GC II PF\Graficas-C-II\v1dx11rr\TerrenoSkyBill.cpp(153,15): warning C4244: 'return': conversión de 'WPARAM' a 'int'; posible pérdida de datos
C:\Users\Montse\Documents\GitHub\GC II PF\Graficas-C-II\v1dx11rr\TerrenoSkyBill.cpp(275,30): warning C4244: 'inicializando': conversión de 'double' a 'float'; posible pérdida de datos
C:\Users\Montse\Documents\GitHub\GC II PF\Graficas-C-II\v1dx11rr\TerrenoSkyBill.cpp(279,70): warning C4244: '=': conversión de 'double' a 'float'; posible pérdida de datos
C:\Users\Montse\Documents\GitHub\GC II PF\Graficas-C-II\v1dx11rr\TerrenoSkyBill.cpp(284,33): warning C4244: 'inicializando': conversión de 'double' a 'float'; posible pérdida de datos
C:\Users\Montse\Documents\GitHub\GC II PF\Graficas-C-II\v1dx11rr\TerrenoSkyBill.cpp(285,22): warning C4244: 'inicializando': conversión de 'double' a 'float'; posible pérdida de datos
C:\Users\Montse\Documents\GitHub\GC II PF\Graficas-C-II\v1dx11rr\GUI.h(159): warning C4715: 'GUI::InitScene': no todas las rutas de acceso de control devuelven un valor
C:\Users\Montse\Documents\GitHub\GC II PF\Graficas-C-II\v1dx11rr\Text.h(180): warning C4715: 'Text::InitScene': no todas las rutas de acceso de control devuelven un valor
  v1dx11rr.vcxproj -> C:\Users\Montse\Documents\GitHub\GC II PF\Graficas-C-II\x64\Debug\Laberinto.exe
